<?xml version="1.0" encoding="UTF-8"?>
<testsuite name="AffordanceTest" tests="2" skipped="0" failures="0" errors="0" timestamp="2021-06-23T12:14:20" hostname="LAPTOP-OU6913OT" time="0.148">
  <properties/>
  <testcase name="checkObjective" classname="AffordanceTest" time="0.146"/>
  <testcase name="checkPrecondition" classname="AffordanceTest" time="0.002"/>
  <system-out><![CDATA[]]></system-out>
  <system-err><![CDATA[]]></system-err>
</testsuite>
